0 info it worked if it ends with ok
1 verbose cli [ 'C:\\Program Files\\nodejs\\node.exe',
1 verbose cli   'C:\\Program Files\\nodejs\\node_modules\\npm\\bin\\npm-cli.js',
1 verbose cli   'run',
1 verbose cli   'pull' ]
2 info using npm@3.10.10
3 info using node@v6.11.3
4 verbose run-script [ 'prepull', 'pull', 'postpull' ]
5 info lifecycle discordbot@1.0.0~prepull: discordbot@1.0.0
6 silly lifecycle discordbot@1.0.0~prepull: no script for prepull, continuing
7 info lifecycle discordbot@1.0.0~pull: discordbot@1.0.0
8 verbose lifecycle discordbot@1.0.0~pull: unsafe-perm in lifecycle true
9 verbose lifecycle discordbot@1.0.0~pull: PATH: C:\Program Files\nodejs\node_modules\npm\bin\node-gyp-bin;C:\Users\TheLittleZhang\Desktop\Watty-Bot\node_modules\.bin;C:\Program Files (x86)\Google\Chrome\Application;C:\ProgramData\Oracle\Java\javapath;C:\Program Files (x86)\Razer Chroma SDK\bin;C:\Program Files\Razer Chroma SDK\bin;C:\WINDOWS\system32;C:\WINDOWS;C:\WINDOWS\System32\Wbem;C:\WINDOWS\System32\WindowsPowerShell\v1.0\;C:\WINDOWS\system32\config\systemprofile\AppData\Local\Microsoft\WindowsApps;C:\Program Files (x86)\PharosSystems\Core;C:\Program Files (x86)\NVIDIA Corporation\PhysX\Common;C:\Program Files\AMI\DuOS\;C:\Program Files\nodejs\;C:\Users\TheLittleZhang\AppData\Local\Programs\Python\Python36-32\Scripts\;C:\Users\TheLittleZhang\AppData\Local\Programs\Python\Python36-32\;C:\Users\TheLittleZhang\AppData\Local\Microsoft\WindowsApps;C:\Program Files (x86)\SSH Communications Security\SSH Secure Shell;C:\Users\TheLittleZhang\AppData\Local\atom\bin;C:\Users\TheLittleZhang\AppData\Local\Microsoft\WindowsApps;;C:\Program Files\AMI\DuOS\;C:\Users\TheLittleZhang\AppData\Roaming\npm
10 verbose lifecycle discordbot@1.0.0~pull: CWD: C:\Users\TheLittleZhang\Desktop\Watty-Bot
11 silly lifecycle discordbot@1.0.0~pull: Args: [ '/d /s /c', 'git pull origin master && npm install' ]
12 silly lifecycle discordbot@1.0.0~pull: Returned: code: 1  signal: null
13 info lifecycle discordbot@1.0.0~pull: Failed to exec pull script
14 verbose stack Error: discordbot@1.0.0 pull: `git pull origin master && npm install`
14 verbose stack Exit status 1
14 verbose stack     at EventEmitter.<anonymous> (C:\Program Files\nodejs\node_modules\npm\lib\utils\lifecycle.js:255:16)
14 verbose stack     at emitTwo (events.js:106:13)
14 verbose stack     at EventEmitter.emit (events.js:191:7)
14 verbose stack     at ChildProcess.<anonymous> (C:\Program Files\nodejs\node_modules\npm\lib\utils\spawn.js:40:14)
14 verbose stack     at emitTwo (events.js:106:13)
14 verbose stack     at ChildProcess.emit (events.js:191:7)
14 verbose stack     at maybeClose (internal/child_process.js:920:16)
14 verbose stack     at Process.ChildProcess._handle.onexit (internal/child_process.js:230:5)
15 verbose pkgid discordbot@1.0.0
16 verbose cwd C:\Users\TheLittleZhang\Desktop\Watty-Bot
17 error Windows_NT 10.0.15063
18 error argv "C:\\Program Files\\nodejs\\node.exe" "C:\\Program Files\\nodejs\\node_modules\\npm\\bin\\npm-cli.js" "run" "pull"
19 error node v6.11.3
20 error npm  v3.10.10
21 error code ELIFECYCLE
22 error discordbot@1.0.0 pull: `git pull origin master && npm install`
22 error Exit status 1
23 error Failed at the discordbot@1.0.0 pull script 'git pull origin master && npm install'.
23 error Make sure you have the latest version of node.js and npm installed.
23 error If you do, this is most likely a problem with the discordbot package,
23 error not with npm itself.
23 error Tell the author that this fails on your system:
23 error     git pull origin master && npm install
23 error You can get information on how to open an issue for this project with:
23 error     npm bugs discordbot
23 error Or if that isn't available, you can get their info via:
23 error     npm owner ls discordbot
23 error There is likely additional logging output above.
24 verbose exit [ 1, true ]
